{"total": {"lines":{"total":2740,"covered":2578,"skipped":0,"pct":94.08},"statements":{"total":2856,"covered":2683,"skipped":0,"pct":93.94},"functions":{"total":549,"covered":531,"skipped":0,"pct":96.72},"branches":{"total":2331,"covered":2070,"skipped":0,"pct":88.8},"branchesTrue":{"total":0,"covered":0,"skipped":0,"pct":100}}
,"/Users/deepanshmathur/Documents/AF/af_lms/src/proxy.ts": {"lines":{"total":10,"covered":10,"skipped":0,"pct":100},"functions":{"total":1,"covered":1,"skipped":0,"pct":100},"statements":{"total":10,"covered":10,"skipped":0,"pct":100},"branches":{"total":10,"covered":10,"skipped":0,"pct":100}}
,"/Users/deepanshmathur/Documents/AF/af_lms/src/app/layout.tsx": {"lines":{"total":2,"covered":2,"skipped":0,"pct":100},"functions":{"total":1,"covered":1,"skipped":0,"pct":100},"statements":{"total":2,"covered":2,"skipped":0,"pct":100},"branches":{"total":0,"covered":0,"skipped":0,"pct":100}}
,"/Users/deepanshmathur/Documents/AF/af_lms/src/app/page.tsx": {"lines":{"total":23,"covered":23,"skipped":0,"pct":100},"functions":{"total":6,"covered":6,"skipped":0,"pct":100},"statements":{"total":23,"covered":23,"skipped":0,"pct":100},"branches":{"total":12,"covered":12,"skipped":0,"pct":100}}
,"/Users/deepanshmathur/Documents/AF/af_lms/src/app/admin/page.tsx": {"lines":{"total":7,"covered":7,"skipped":0,"pct":100},"functions":{"total":1,"covered":1,"skipped":0,"pct":100},"statements":{"total":7,"covered":7,"skipped":0,"pct":100},"branches":{"total":4,"covered":4,"skipped":0,"pct":100}}
,"/Users/deepanshmathur/Documents/AF/af_lms/src/app/admin/batches/BatchList.tsx": {"lines":{"total":60,"covered":60,"skipped":0,"pct":100},"functions":{"total":17,"covered":17,"skipped":0,"pct":100},"statements":{"total":61,"covered":61,"skipped":0,"pct":100},"branches":{"total":48,"covered":46,"skipped":0,"pct":95.83}}
,"/Users/deepanshmathur/Documents/AF/af_lms/src/app/admin/batches/page.tsx": {"lines":{"total":17,"covered":17,"skipped":0,"pct":100},"functions":{"total":3,"covered":3,"skipped":0,"pct":100},"statements":{"total":17,"covered":17,"skipped":0,"pct":100},"branches":{"total":6,"covered":6,"skipped":0,"pct":100}}
,"/Users/deepanshmathur/Documents/AF/af_lms/src/app/admin/schools/SchoolList.tsx": {"lines":{"total":54,"covered":54,"skipped":0,"pct":100},"functions":{"total":21,"covered":21,"skipped":0,"pct":100},"statements":{"total":55,"covered":54,"skipped":0,"pct":98.18},"branches":{"total":42,"covered":41,"skipped":0,"pct":97.61}}
,"/Users/deepanshmathur/Documents/AF/af_lms/src/app/admin/schools/page.tsx": {"lines":{"total":9,"covered":9,"skipped":0,"pct":100},"functions":{"total":2,"covered":2,"skipped":0,"pct":100},"statements":{"total":9,"covered":9,"skipped":0,"pct":100},"branches":{"total":4,"covered":4,"skipped":0,"pct":100}}
,"/Users/deepanshmathur/Documents/AF/af_lms/src/app/admin/users/AddUserModal.tsx": {"lines":{"total":86,"covered":83,"skipped":0,"pct":96.51},"functions":{"total":28,"covered":27,"skipped":0,"pct":96.42},"statements":{"total":89,"covered":86,"skipped":0,"pct":96.62},"branches":{"total":90,"covered":84,"skipped":0,"pct":93.33}}
,"/Users/deepanshmathur/Documents/AF/af_lms/src/app/admin/users/UserList.tsx": {"lines":{"total":39,"covered":37,"skipped":0,"pct":94.87},"functions":{"total":10,"covered":10,"skipped":0,"pct":100},"statements":{"total":40,"covered":38,"skipped":0,"pct":95},"branches":{"total":41,"covered":40,"skipped":0,"pct":97.56}}
,"/Users/deepanshmathur/Documents/AF/af_lms/src/app/admin/users/page.tsx": {"lines":{"total":11,"covered":11,"skipped":0,"pct":100},"functions":{"total":4,"covered":4,"skipped":0,"pct":100},"statements":{"total":11,"covered":11,"skipped":0,"pct":100},"branches":{"total":4,"covered":4,"skipped":0,"pct":100}}
,"/Users/deepanshmathur/Documents/AF/af_lms/src/app/api/__test-utils__/api-test-helpers.ts": {"lines":{"total":11,"covered":11,"skipped":0,"pct":100},"functions":{"total":2,"covered":2,"skipped":0,"pct":100},"statements":{"total":11,"covered":11,"skipped":0,"pct":100},"branches":{"total":4,"covered":4,"skipped":0,"pct":100}}
,"/Users/deepanshmathur/Documents/AF/af_lms/src/app/api/admin/schools/route.ts": {"lines":{"total":14,"covered":14,"skipped":0,"pct":100},"functions":{"total":1,"covered":1,"skipped":0,"pct":100},"statements":{"total":14,"covered":14,"skipped":0,"pct":100},"branches":{"total":8,"covered":8,"skipped":0,"pct":100}}
,"/Users/deepanshmathur/Documents/AF/af_lms/src/app/api/admin/schools/[code]/route.ts": {"lines":{"total":20,"covered":20,"skipped":0,"pct":100},"functions":{"total":2,"covered":2,"skipped":0,"pct":100},"statements":{"total":21,"covered":21,"skipped":0,"pct":100},"branches":{"total":8,"covered":8,"skipped":0,"pct":100}}
,"/Users/deepanshmathur/Documents/AF/af_lms/src/app/api/admin/users/route.ts": {"lines":{"total":30,"covered":30,"skipped":0,"pct":100},"functions":{"total":2,"covered":2,"skipped":0,"pct":100},"statements":{"total":30,"covered":30,"skipped":0,"pct":100},"branches":{"total":29,"covered":29,"skipped":0,"pct":100}}
,"/Users/deepanshmathur/Documents/AF/af_lms/src/app/api/admin/users/[id]/route.ts": {"lines":{"total":33,"covered":33,"skipped":0,"pct":100},"functions":{"total":2,"covered":2,"skipped":0,"pct":100},"statements":{"total":33,"covered":33,"skipped":0,"pct":100},"branches":{"total":33,"covered":33,"skipped":0,"pct":100}}
,"/Users/deepanshmathur/Documents/AF/af_lms/src/app/api/batches/route.ts": {"lines":{"total":22,"covered":22,"skipped":0,"pct":100},"functions":{"total":1,"covered":1,"skipped":0,"pct":100},"statements":{"total":22,"covered":22,"skipped":0,"pct":100},"branches":{"total":8,"covered":8,"skipped":0,"pct":100}}
,"/Users/deepanshmathur/Documents/AF/af_lms/src/app/api/batches/[id]/route.ts": {"lines":{"total":31,"covered":31,"skipped":0,"pct":100},"functions":{"total":1,"covered":1,"skipped":0,"pct":100},"statements":{"total":31,"covered":31,"skipped":0,"pct":100},"branches":{"total":18,"covered":18,"skipped":0,"pct":100}}
,"/Users/deepanshmathur/Documents/AF/af_lms/src/app/api/curriculum/chapters/route.ts": {"lines":{"total":38,"covered":38,"skipped":0,"pct":100},"functions":{"total":5,"covered":5,"skipped":0,"pct":100},"statements":{"total":41,"covered":41,"skipped":0,"pct":100},"branches":{"total":24,"covered":22,"skipped":0,"pct":91.66}}
,"/Users/deepanshmathur/Documents/AF/af_lms/src/app/api/pm/visits/route.ts": {"lines":{"total":71,"covered":70,"skipped":0,"pct":98.59},"functions":{"total":2,"covered":2,"skipped":0,"pct":100},"statements":{"total":71,"covered":70,"skipped":0,"pct":98.59},"branches":{"total":50,"covered":45,"skipped":0,"pct":90}}
,"/Users/deepanshmathur/Documents/AF/af_lms/src/app/api/pm/visits/[id]/route.ts": {"lines":{"total":17,"covered":17,"skipped":0,"pct":100},"functions":{"total":1,"covered":1,"skipped":0,"pct":100},"statements":{"total":17,"covered":17,"skipped":0,"pct":100},"branches":{"total":6,"covered":6,"skipped":0,"pct":100}}
,"/Users/deepanshmathur/Documents/AF/af_lms/src/app/api/pm/visits/[id]/actions/route.ts": {"lines":{"total":42,"covered":41,"skipped":0,"pct":97.61},"functions":{"total":3,"covered":3,"skipped":0,"pct":100},"statements":{"total":42,"covered":41,"skipped":0,"pct":97.61},"branches":{"total":24,"covered":23,"skipped":0,"pct":95.83}}
,"/Users/deepanshmathur/Documents/AF/af_lms/src/app/api/pm/visits/[id]/actions/[actionId]/route.ts": {"lines":{"total":81,"covered":74,"skipped":0,"pct":91.35},"functions":{"total":6,"covered":6,"skipped":0,"pct":100},"statements":{"total":81,"covered":74,"skipped":0,"pct":91.35},"branches":{"total":55,"covered":48,"skipped":0,"pct":87.27}}
,"/Users/deepanshmathur/Documents/AF/af_lms/src/app/api/pm/visits/[id]/actions/[actionId]/end/route.ts": {"lines":{"total":60,"covered":50,"skipped":0,"pct":83.33},"functions":{"total":5,"covered":5,"skipped":0,"pct":100},"statements":{"total":60,"covered":50,"skipped":0,"pct":83.33},"branches":{"total":42,"covered":31,"skipped":0,"pct":73.8}}
,"/Users/deepanshmathur/Documents/AF/af_lms/src/app/api/pm/visits/[id]/actions/[actionId]/start/route.ts": {"lines":{"total":43,"covered":38,"skipped":0,"pct":88.37},"functions":{"total":4,"covered":4,"skipped":0,"pct":100},"statements":{"total":43,"covered":38,"skipped":0,"pct":88.37},"branches":{"total":30,"covered":23,"skipped":0,"pct":76.66}}
,"/Users/deepanshmathur/Documents/AF/af_lms/src/app/api/pm/visits/[id]/complete/route.ts": {"lines":{"total":57,"covered":44,"skipped":0,"pct":77.19},"functions":{"total":4,"covered":4,"skipped":0,"pct":100},"statements":{"total":58,"covered":45,"skipped":0,"pct":77.58},"branches":{"total":36,"covered":23,"skipped":0,"pct":63.88}}
,"/Users/deepanshmathur/Documents/AF/af_lms/src/app/api/quiz-analytics/[udise]/route.ts": {"lines":{"total":51,"covered":51,"skipped":0,"pct":100},"functions":{"total":13,"covered":13,"skipped":0,"pct":100},"statements":{"total":53,"covered":53,"skipped":0,"pct":100},"branches":{"total":39,"covered":32,"skipped":0,"pct":82.05}}
,"/Users/deepanshmathur/Documents/AF/af_lms/src/app/api/quiz-analytics/[udise]/sessions/route.ts": {"lines":{"total":17,"covered":17,"skipped":0,"pct":100},"functions":{"total":1,"covered":1,"skipped":0,"pct":100},"statements":{"total":17,"covered":17,"skipped":0,"pct":100},"branches":{"total":14,"covered":12,"skipped":0,"pct":85.71}}
,"/Users/deepanshmathur/Documents/AF/af_lms/src/app/api/student/route.ts": {"lines":{"total":18,"covered":18,"skipped":0,"pct":100},"functions":{"total":1,"covered":1,"skipped":0,"pct":100},"statements":{"total":18,"covered":18,"skipped":0,"pct":100},"branches":{"total":8,"covered":8,"skipped":0,"pct":100}}
,"/Users/deepanshmathur/Documents/AF/af_lms/src/app/api/student/[id]/route.ts": {"lines":{"total":51,"covered":51,"skipped":0,"pct":100},"functions":{"total":1,"covered":1,"skipped":0,"pct":100},"statements":{"total":51,"covered":51,"skipped":0,"pct":100},"branches":{"total":40,"covered":40,"skipped":0,"pct":100}}
,"/Users/deepanshmathur/Documents/AF/af_lms/src/app/api/student/dropout/route.ts": {"lines":{"total":34,"covered":34,"skipped":0,"pct":100},"functions":{"total":1,"covered":1,"skipped":0,"pct":100},"statements":{"total":34,"covered":34,"skipped":0,"pct":100},"branches":{"total":26,"covered":23,"skipped":0,"pct":88.46}}
,"/Users/deepanshmathur/Documents/AF/af_lms/src/app/api/students/search/route.ts": {"lines":{"total":15,"covered":15,"skipped":0,"pct":100},"functions":{"total":1,"covered":1,"skipped":0,"pct":100},"statements":{"total":15,"covered":15,"skipped":0,"pct":100},"branches":{"total":10,"covered":9,"skipped":0,"pct":90}}
,"/Users/deepanshmathur/Documents/AF/af_lms/src/app/dashboard/page.tsx": {"lines":{"total":54,"covered":54,"skipped":0,"pct":100},"functions":{"total":10,"covered":10,"skipped":0,"pct":100},"statements":{"total":58,"covered":58,"skipped":0,"pct":100},"branches":{"total":78,"covered":74,"skipped":0,"pct":94.87}}
,"/Users/deepanshmathur/Documents/AF/af_lms/src/app/school/[udise]/page.tsx": {"lines":{"total":66,"covered":66,"skipped":0,"pct":100},"functions":{"total":15,"covered":15,"skipped":0,"pct":100},"statements":{"total":68,"covered":68,"skipped":0,"pct":100},"branches":{"total":58,"covered":57,"skipped":0,"pct":98.27}}
,"/Users/deepanshmathur/Documents/AF/af_lms/src/app/school/[udise]/visit/new/page.tsx": {"lines":{"total":12,"covered":12,"skipped":0,"pct":100},"functions":{"total":1,"covered":1,"skipped":0,"pct":100},"statements":{"total":12,"covered":12,"skipped":0,"pct":100},"branches":{"total":6,"covered":6,"skipped":0,"pct":100}}
,"/Users/deepanshmathur/Documents/AF/af_lms/src/app/visits/page.tsx": {"lines":{"total":54,"covered":53,"skipped":0,"pct":98.14},"functions":{"total":7,"covered":7,"skipped":0,"pct":100},"statements":{"total":56,"covered":55,"skipped":0,"pct":98.21},"branches":{"total":62,"covered":54,"skipped":0,"pct":87.09}}
,"/Users/deepanshmathur/Documents/AF/af_lms/src/app/visits/[id]/page.tsx": {"lines":{"total":41,"covered":37,"skipped":0,"pct":90.24},"functions":{"total":6,"covered":6,"skipped":0,"pct":100},"statements":{"total":42,"covered":38,"skipped":0,"pct":90.47},"branches":{"total":36,"covered":30,"skipped":0,"pct":83.33}}
,"/Users/deepanshmathur/Documents/AF/af_lms/src/app/visits/[id]/actions/[actionId]/page.tsx": {"lines":{"total":33,"covered":22,"skipped":0,"pct":66.66},"functions":{"total":4,"covered":3,"skipped":0,"pct":75},"statements":{"total":33,"covered":22,"skipped":0,"pct":66.66},"branches":{"total":22,"covered":12,"skipped":0,"pct":54.54}}
,"/Users/deepanshmathur/Documents/AF/af_lms/src/app/visits/[id]/principal/page.tsx": {"lines":{"total":2,"covered":0,"skipped":0,"pct":0},"functions":{"total":1,"covered":0,"skipped":0,"pct":0},"statements":{"total":2,"covered":0,"skipped":0,"pct":0},"branches":{"total":0,"covered":0,"skipped":0,"pct":100}}
,"/Users/deepanshmathur/Documents/AF/af_lms/src/components/EditStudentModal.tsx": {"lines":{"total":88,"covered":88,"skipped":0,"pct":100},"functions":{"total":21,"covered":21,"skipped":0,"pct":100},"statements":{"total":100,"covered":100,"skipped":0,"pct":100},"branches":{"total":108,"covered":107,"skipped":0,"pct":99.07}}
,"/Users/deepanshmathur/Documents/AF/af_lms/src/components/LoadingLink.tsx": {"lines":{"total":5,"covered":5,"skipped":0,"pct":100},"functions":{"total":2,"covered":2,"skipped":0,"pct":100},"statements":{"total":5,"covered":5,"skipped":0,"pct":100},"branches":{"total":4,"covered":4,"skipped":0,"pct":100}}
,"/Users/deepanshmathur/Documents/AF/af_lms/src/components/PageHeader.tsx": {"lines":{"total":1,"covered":1,"skipped":0,"pct":100},"functions":{"total":1,"covered":1,"skipped":0,"pct":100},"statements":{"total":1,"covered":1,"skipped":0,"pct":100},"branches":{"total":6,"covered":6,"skipped":0,"pct":100}}
,"/Users/deepanshmathur/Documents/AF/af_lms/src/components/Pagination.tsx": {"lines":{"total":28,"covered":28,"skipped":0,"pct":100},"functions":{"total":4,"covered":4,"skipped":0,"pct":100},"statements":{"total":31,"covered":31,"skipped":0,"pct":100},"branches":{"total":25,"covered":23,"skipped":0,"pct":92}}
,"/Users/deepanshmathur/Documents/AF/af_lms/src/components/PerformanceTab.tsx": {"lines":{"total":18,"covered":18,"skipped":0,"pct":100},"functions":{"total":3,"covered":3,"skipped":0,"pct":100},"statements":{"total":19,"covered":19,"skipped":0,"pct":100},"branches":{"total":8,"covered":8,"skipped":0,"pct":100}}
,"/Users/deepanshmathur/Documents/AF/af_lms/src/components/Providers.tsx": {"lines":{"total":1,"covered":1,"skipped":0,"pct":100},"functions":{"total":1,"covered":1,"skipped":0,"pct":100},"statements":{"total":1,"covered":1,"skipped":0,"pct":100},"branches":{"total":0,"covered":0,"skipped":0,"pct":100}}
,"/Users/deepanshmathur/Documents/AF/af_lms/src/components/QuizAnalyticsSection.tsx": {"lines":{"total":42,"covered":41,"skipped":0,"pct":97.61},"functions":{"total":11,"covered":11,"skipped":0,"pct":100},"statements":{"total":44,"covered":43,"skipped":0,"pct":97.72},"branches":{"total":38,"covered":37,"skipped":0,"pct":97.36}}
,"/Users/deepanshmathur/Documents/AF/af_lms/src/components/SchoolCard.tsx": {"lines":{"total":2,"covered":2,"skipped":0,"pct":100},"functions":{"total":2,"covered":2,"skipped":0,"pct":100},"statements":{"total":2,"covered":2,"skipped":0,"pct":100},"branches":{"total":18,"covered":18,"skipped":0,"pct":100}}
,"/Users/deepanshmathur/Documents/AF/af_lms/src/components/SchoolSearch.tsx": {"lines":{"total":14,"covered":14,"skipped":0,"pct":100},"functions":{"total":4,"covered":4,"skipped":0,"pct":100},"statements":{"total":14,"covered":14,"skipped":0,"pct":100},"branches":{"total":10,"covered":10,"skipped":0,"pct":100}}
,"/Users/deepanshmathur/Documents/AF/af_lms/src/components/SchoolTabs.tsx": {"lines":{"total":9,"covered":9,"skipped":0,"pct":100},"functions":{"total":6,"covered":6,"skipped":0,"pct":100},"statements":{"total":10,"covered":10,"skipped":0,"pct":100},"branches":{"total":17,"covered":16,"skipped":0,"pct":94.11}}
,"/Users/deepanshmathur/Documents/AF/af_lms/src/components/StatCard.tsx": {"lines":{"total":2,"covered":2,"skipped":0,"pct":100},"functions":{"total":1,"covered":1,"skipped":0,"pct":100},"statements":{"total":2,"covered":2,"skipped":0,"pct":100},"branches":{"total":1,"covered":1,"skipped":0,"pct":100}}
,"/Users/deepanshmathur/Documents/AF/af_lms/src/components/StudentSearch.tsx": {"lines":{"total":26,"covered":26,"skipped":0,"pct":100},"functions":{"total":9,"covered":9,"skipped":0,"pct":100},"statements":{"total":27,"covered":27,"skipped":0,"pct":100},"branches":{"total":23,"covered":21,"skipped":0,"pct":91.3}}
,"/Users/deepanshmathur/Documents/AF/af_lms/src/components/StudentTable.tsx": {"lines":{"total":80,"covered":80,"skipped":0,"pct":100},"functions":{"total":30,"covered":30,"skipped":0,"pct":100},"statements":{"total":89,"covered":88,"skipped":0,"pct":98.87},"branches":{"total":103,"covered":100,"skipped":0,"pct":97.08}}
,"/Users/deepanshmathur/Documents/AF/af_lms/src/components/VisitsTab.tsx": {"lines":{"total":16,"covered":16,"skipped":0,"pct":100},"functions":{"total":3,"covered":3,"skipped":0,"pct":100},"statements":{"total":17,"covered":17,"skipped":0,"pct":100},"branches":{"total":6,"covered":6,"skipped":0,"pct":100}}
,"/Users/deepanshmathur/Documents/AF/af_lms/src/components/curriculum/ChapterAccordion.tsx": {"lines":{"total":12,"covered":12,"skipped":0,"pct":100},"functions":{"total":4,"covered":4,"skipped":0,"pct":100},"statements":{"total":12,"covered":12,"skipped":0,"pct":100},"branches":{"total":16,"covered":16,"skipped":0,"pct":100}}
,"/Users/deepanshmathur/Documents/AF/af_lms/src/components/curriculum/CurriculumTab.tsx": {"lines":{"total":63,"covered":62,"skipped":0,"pct":98.41},"functions":{"total":18,"covered":17,"skipped":0,"pct":94.44},"statements":{"total":65,"covered":63,"skipped":0,"pct":96.92},"branches":{"total":29,"covered":27,"skipped":0,"pct":93.1}}
,"/Users/deepanshmathur/Documents/AF/af_lms/src/components/curriculum/LogSessionModal.tsx": {"lines":{"total":62,"covered":60,"skipped":0,"pct":96.77},"functions":{"total":21,"covered":21,"skipped":0,"pct":100},"statements":{"total":64,"covered":62,"skipped":0,"pct":96.87},"branches":{"total":58,"covered":57,"skipped":0,"pct":98.27}}
,"/Users/deepanshmathur/Documents/AF/af_lms/src/components/curriculum/ProgressSummary.tsx": {"lines":{"total":2,"covered":2,"skipped":0,"pct":100},"functions":{"total":1,"covered":1,"skipped":0,"pct":100},"statements":{"total":2,"covered":2,"skipped":0,"pct":100},"branches":{"total":0,"covered":0,"skipped":0,"pct":100}}
,"/Users/deepanshmathur/Documents/AF/af_lms/src/components/curriculum/SessionHistory.tsx": {"lines":{"total":17,"covered":17,"skipped":0,"pct":100},"functions":{"total":6,"covered":6,"skipped":0,"pct":100},"statements":{"total":17,"covered":17,"skipped":0,"pct":100},"branches":{"total":4,"covered":4,"skipped":0,"pct":100}}
,"/Users/deepanshmathur/Documents/AF/af_lms/src/components/curriculum/TopicRow.tsx": {"lines":{"total":1,"covered":1,"skipped":0,"pct":100},"functions":{"total":1,"covered":1,"skipped":0,"pct":100},"statements":{"total":1,"covered":1,"skipped":0,"pct":100},"branches":{"total":6,"covered":6,"skipped":0,"pct":100}}
,"/Users/deepanshmathur/Documents/AF/af_lms/src/components/visits/ActionDetailForm.tsx": {"lines":{"total":183,"covered":145,"skipped":0,"pct":79.23},"functions":{"total":37,"covered":31,"skipped":0,"pct":83.78},"statements":{"total":187,"covered":148,"skipped":0,"pct":79.14},"branches":{"total":206,"covered":152,"skipped":0,"pct":73.78}}
,"/Users/deepanshmathur/Documents/AF/af_lms/src/components/visits/ActionPointList.tsx": {"lines":{"total":105,"covered":73,"skipped":0,"pct":69.52},"functions":{"total":27,"covered":20,"skipped":0,"pct":74.07},"statements":{"total":109,"covered":77,"skipped":0,"pct":70.64},"branches":{"total":99,"covered":55,"skipped":0,"pct":55.55}}
,"/Users/deepanshmathur/Documents/AF/af_lms/src/components/visits/ActionTypePickerModal.tsx": {"lines":{"total":10,"covered":10,"skipped":0,"pct":100},"functions":{"total":5,"covered":5,"skipped":0,"pct":100},"statements":{"total":10,"covered":10,"skipped":0,"pct":100},"branches":{"total":9,"covered":8,"skipped":0,"pct":88.88}}
,"/Users/deepanshmathur/Documents/AF/af_lms/src/components/visits/ClassroomObservationForm.tsx": {"lines":{"total":46,"covered":46,"skipped":0,"pct":100},"functions":{"total":21,"covered":21,"skipped":0,"pct":100},"statements":{"total":50,"covered":50,"skipped":0,"pct":100},"branches":{"total":31,"covered":29,"skipped":0,"pct":93.54}}
,"/Users/deepanshmathur/Documents/AF/af_lms/src/components/visits/CompleteVisitButton.tsx": {"lines":{"total":48,"covered":44,"skipped":0,"pct":91.66},"functions":{"total":9,"covered":9,"skipped":0,"pct":100},"statements":{"total":49,"covered":45,"skipped":0,"pct":91.83},"branches":{"total":54,"covered":48,"skipped":0,"pct":88.88}}
,"/Users/deepanshmathur/Documents/AF/af_lms/src/components/visits/NewVisitForm.tsx": {"lines":{"total":34,"covered":34,"skipped":0,"pct":100},"functions":{"total":8,"covered":8,"skipped":0,"pct":100},"statements":{"total":35,"covered":34,"skipped":0,"pct":97.14},"branches":{"total":36,"covered":35,"skipped":0,"pct":97.22}}
,"/Users/deepanshmathur/Documents/AF/af_lms/src/lib/auth.ts": {"lines":{"total":13,"covered":13,"skipped":0,"pct":100},"functions":{"total":3,"covered":3,"skipped":0,"pct":100},"statements":{"total":15,"covered":15,"skipped":0,"pct":100},"branches":{"total":10,"covered":10,"skipped":0,"pct":100}}
,"/Users/deepanshmathur/Documents/AF/af_lms/src/lib/bigquery.ts": {"lines":{"total":35,"covered":35,"skipped":0,"pct":100},"functions":{"total":4,"covered":4,"skipped":0,"pct":100},"statements":{"total":35,"covered":35,"skipped":0,"pct":100},"branches":{"total":8,"covered":7,"skipped":0,"pct":87.5}}
,"/Users/deepanshmathur/Documents/AF/af_lms/src/lib/classroom-observation-rubric.ts": {"lines":{"total":105,"covered":89,"skipped":0,"pct":84.76},"functions":{"total":15,"covered":15,"skipped":0,"pct":100},"statements":{"total":109,"covered":93,"skipped":0,"pct":85.32},"branches":{"total":74,"covered":61,"skipped":0,"pct":82.43}}
,"/Users/deepanshmathur/Documents/AF/af_lms/src/lib/constants.ts": {"lines":{"total":1,"covered":1,"skipped":0,"pct":100},"functions":{"total":0,"covered":0,"skipped":0,"pct":100},"statements":{"total":1,"covered":1,"skipped":0,"pct":100},"branches":{"total":0,"covered":0,"skipped":0,"pct":100}}
,"/Users/deepanshmathur/Documents/AF/af_lms/src/lib/curriculum-helpers.ts": {"lines":{"total":73,"covered":73,"skipped":0,"pct":100},"functions":{"total":18,"covered":18,"skipped":0,"pct":100},"statements":{"total":83,"covered":79,"skipped":0,"pct":95.18},"branches":{"total":52,"covered":46,"skipped":0,"pct":88.46}}
,"/Users/deepanshmathur/Documents/AF/af_lms/src/lib/db.ts": {"lines":{"total":9,"covered":9,"skipped":0,"pct":100},"functions":{"total":1,"covered":1,"skipped":0,"pct":100},"statements":{"total":9,"covered":9,"skipped":0,"pct":100},"branches":{"total":8,"covered":6,"skipped":0,"pct":75}}
,"/Users/deepanshmathur/Documents/AF/af_lms/src/lib/geo-validation.ts": {"lines":{"total":20,"covered":20,"skipped":0,"pct":100},"functions":{"total":1,"covered":1,"skipped":0,"pct":100},"statements":{"total":20,"covered":20,"skipped":0,"pct":100},"branches":{"total":19,"covered":19,"skipped":0,"pct":100}}
,"/Users/deepanshmathur/Documents/AF/af_lms/src/lib/geolocation.ts": {"lines":{"total":57,"covered":57,"skipped":0,"pct":100},"functions":{"total":12,"covered":11,"skipped":0,"pct":91.66},"statements":{"total":64,"covered":63,"skipped":0,"pct":98.43},"branches":{"total":39,"covered":37,"skipped":0,"pct":94.87}}
,"/Users/deepanshmathur/Documents/AF/af_lms/src/lib/permissions.ts": {"lines":{"total":69,"covered":69,"skipped":0,"pct":100},"functions":{"total":13,"covered":13,"skipped":0,"pct":100},"statements":{"total":84,"covered":83,"skipped":0,"pct":98.8},"branches":{"total":88,"covered":85,"skipped":0,"pct":96.59}}
,"/Users/deepanshmathur/Documents/AF/af_lms/src/lib/school-student-list-data-issues.ts": {"lines":{"total":33,"covered":33,"skipped":0,"pct":100},"functions":{"total":11,"covered":11,"skipped":0,"pct":100},"statements":{"total":41,"covered":41,"skipped":0,"pct":100},"branches":{"total":16,"covered":14,"skipped":0,"pct":87.5}}
,"/Users/deepanshmathur/Documents/AF/af_lms/src/lib/visit-actions.ts": {"lines":{"total":5,"covered":5,"skipped":0,"pct":100},"functions":{"total":2,"covered":2,"skipped":0,"pct":100},"statements":{"total":5,"covered":5,"skipped":0,"pct":100},"branches":{"total":0,"covered":0,"skipped":0,"pct":100}}
,"/Users/deepanshmathur/Documents/AF/af_lms/src/lib/visits-policy.ts": {"lines":{"total":69,"covered":61,"skipped":0,"pct":88.4},"functions":{"total":16,"covered":16,"skipped":0,"pct":100},"statements":{"total":69,"covered":61,"skipped":0,"pct":88.4},"branches":{"total":67,"covered":54,"skipped":0,"pct":80.59}}
}
